[debug] ----------------------------------------------------------------------
[debug] Command:      /usr/local/bin/node /usr/local/bin/firebase serve
[debug] CLI Version:  3.2.1
[debug] Platform:     darwin
[debug] Node Version: v6.9.1
[debug] Time:         Wed Jan 25 2017 16:03:09 GMT-0500 (EST)
[debug] ----------------------------------------------------------------------
[debug] 
[info] Starting Firebase development server...
[info] 
[info] Project Directory: /Users/Chloe/Documents/code/bodhi
[debug] TypeError: Cannot read property 'public' of undefined
    at Server.<anonymous> (/usr/local/lib/node_modules/firebase-tools/commands/serve.js:26:15)
    at Server.g (events.js:291:16)
    at emitNone (events.js:86:13)
    at Server.emit (events.js:185:7)
    at emitListeningNT (net.js:1283:10)
    at _combinedTickCallback (internal/process/next_tick.js:71:11)
    at process._tickCallback (internal/process/next_tick.js:98:9)
[error] 
[error] Error: An unexpected error has occurred.
[debug] ----------------------------------------------------------------------
[debug] Command:      /usr/local/bin/node /usr/local/bin/firebase serve
[debug] CLI Version:  3.2.1
[debug] Platform:     darwin
[debug] Node Version: v6.9.1
[debug] Time:         Wed Jan 25 2017 16:04:35 GMT-0500 (EST)
[debug] ----------------------------------------------------------------------
[debug] 
[info] Starting Firebase development server...
[info] 
[info] Project Directory: /Users/Chloe/Documents/code/bodhi
[debug] TypeError: Cannot read property 'public' of undefined
    at Server.<anonymous> (/usr/local/lib/node_modules/firebase-tools/commands/serve.js:26:15)
    at Server.g (events.js:291:16)
    at emitNone (events.js:86:13)
    at Server.emit (events.js:185:7)
    at emitListeningNT (net.js:1283:10)
    at _combinedTickCallback (internal/process/next_tick.js:71:11)
    at process._tickCallback (internal/process/next_tick.js:98:9)
[error] 
[error] Error: An unexpected error has occurred.
[debug] ----------------------------------------------------------------------
[debug] Command:      /usr/local/bin/node /usr/local/bin/firebase serve
[debug] CLI Version:  3.2.1
[debug] Platform:     darwin
[debug] Node Version: v6.9.1
[debug] Time:         Wed Jan 25 2017 16:04:44 GMT-0500 (EST)
[debug] ----------------------------------------------------------------------
[debug] 
[info] Starting Firebase development server...
[info] 
[info] Project Directory: /Users/Chloe/Documents/code/bodhi
[debug] TypeError: Cannot read property 'public' of undefined
    at Server.<anonymous> (/usr/local/lib/node_modules/firebase-tools/commands/serve.js:26:15)
    at Server.g (events.js:291:16)
    at emitNone (events.js:86:13)
    at Server.emit (events.js:185:7)
    at emitListeningNT (net.js:1283:10)
    at _combinedTickCallback (internal/process/next_tick.js:71:11)
    at process._tickCallback (internal/process/next_tick.js:98:9)
[error] 
[error] Error: An unexpected error has occurred.
